 gaussian 0 6
    118022.3800000            0.0007470  
     17683.5410000            0.0057900  
      4027.7657000            0.0299190  
      1145.3977000            0.1192060  
       377.1637500            0.3690280  
       138.1596900            0.5764590  
 gaussian 0 3
       138.1596900            0.1439270  
        54.9891170            0.6229380  
        23.1706670            0.2839640  
 gaussian 0 1 7.3778600
 gaussian 0 1 2.9236880
 gaussian 0 1 0.6504050
 gaussian 0 1 0.2328250
 gaussian 1 5
       663.0620100            0.0030820  
       157.0928100            0.0241650  
        50.2311000            0.1082230  
        18.6353450            0.2941920  
         7.4465370            0.6878620  
 gaussian 1 2
         7.4465370           -0.1214482  
         3.0956980            0.1632370  
 gaussian 1 1 1.1064630
 gaussian 1 1 0.4156010
 gaussian 1 1 0.1454490
 gaussian 0 1 0.0600000
 gaussian 1 1 0.0600000
 gaussian 2 1 0.8500000
